<?xml version="1.0" encoding="utf-8"?><testsuites name="pytest tests"><testsuite name="pytest" errors="0" failures="0" skipped="0" tests="11" time="2.511" timestamp="2026-03-06T17:49:17.140466+00:00" hostname="agent-env-20a89c52-0b9a-4790-a31f-505dbfa3692b"><testcase classname="backend.tests.test_reactif_pro.TestReactifProAuth" name="test_01_login_existing_user" time="0.259" /><testcase classname="backend.tests.test_reactif_pro.TestReactifProAuth" name="test_02_login_invalid_credentials" time="0.129" /><testcase classname="backend.tests.test_reactif_pro.TestReactifProAuth" name="test_03_register_new_user" time="0.118" /><testcase classname="backend.tests.test_reactif_pro.TestReactifProAuth" name="test_04_register_duplicate_pseudo" time="0.118" /><testcase classname="backend.tests.test_reactif_pro.TestReactifProAuth" name="test_05_register_missing_consents" time="0.106" /><testcase classname="backend.tests.test_reactif_pro.TestReactifProUserEndpoints" name="test_06_get_user_profile_authenticated" time="0.226" /><testcase classname="backend.tests.test_reactif_pro.TestReactifProUserEndpoints" name="test_07_get_user_profile_no_auth" time="0.259" /><testcase classname="backend.tests.test_reactif_pro.TestReactifProUserEndpoints" name="test_08_get_user_results_authenticated" time="0.250" /><testcase classname="backend.tests.test_reactif_pro.TestReactifProUserEndpoints" name="test_09_get_user_results_with_imported_data" time="0.355" /><testcase classname="backend.tests.test_reactif_pro.TestReactifProUserEndpoints" name="test_10_import_results_invalid_code" time="0.352" /><testcase classname="backend.tests.test_reactif_pro.TestReactifProExportAndDelete" name="test_11_export_user_data" time="0.234" /></testsuite></testsuites>