<?xml version="1.0" encoding="utf-8"?><testsuites name="pytest tests"><testsuite name="pytest" errors="0" failures="0" skipped="0" tests="18" time="31.611" timestamp="2026-03-05T17:05:03.492102+00:00" hostname="agent-env-a82cc514-6fbe-47e3-b965-f68729555fcd"><testcase classname="tests.test_riasec_integration.TestRIASECJobMatchEndpoint" name="test_job_match_contains_riasec_profile" time="1.629" /><testcase classname="tests.test_riasec_integration.TestRIASECJobMatchEndpoint" name="test_job_match_riasec_has_descriptive_fields" time="1.365" /><testcase classname="tests.test_riasec_integration.TestRIASECExploreEndpoint" name="test_explore_contains_riasec_profile" time="0.160" /><testcase classname="tests.test_riasec_integration.TestRIASECExploreEndpoint" name="test_explore_with_birth_date_has_riasec" time="0.124" /><testcase classname="tests.test_riasec_integration.TestRIASECProfileCoherence" name="test_intj_profile_has_investigator_dominant" time="1.358" /><testcase classname="tests.test_riasec_integration.TestRIASECProfileCoherence" name="test_estj_profile_has_enterprising_or_conventional" time="1.913" /><testcase classname="tests.test_riasec_integration.TestRIASECScoreBreakdown" name="test_job_match_score_breakdown_has_riasec" time="1.526" /><testcase classname="tests.test_riasec_integration.TestRIASECScoreBreakdown" name="test_other_matches_have_riasec_in_breakdown" time="1.482" /><testcase classname="tests.test_riasec_integration.TestRIASECJobRiasecField" name="test_best_match_has_job_riasec" time="2.241" /><testcase classname="tests.test_job_search.TestNormalizeTextFunction" name="test_api_accessible" time="0.143" /><testcase classname="tests.test_job_search.TestJobSearchBugFix" name="test_charge_de_recrutement_returns_rh_job" time="2.628" /><testcase classname="tests.test_job_search.TestJobSearchBugFix" name="test_developpeur_returns_developer_job" time="2.082" /><testcase classname="tests.test_job_search.TestJobSearchBugFix" name="test_chef_de_chantier_returns_correct_job" time="2.750" /><testcase classname="tests.test_job_search.TestJobMatchEndpoint" name="test_job_match_with_valid_answers" time="1.464" /><testcase classname="tests.test_job_search.TestJobMatchEndpoint" name="test_job_match_with_birth_date" time="4.281" /><testcase classname="tests.test_job_search.TestJobMatchEndpoint" name="test_job_match_empty_query" time="0.569" /><testcase classname="tests.test_job_search.TestSearchVariants" name="test_recrutement_search" time="2.732" /><testcase classname="tests.test_job_search.TestSearchVariants" name="test_responsable_rh_search" time="3.106" /></testsuite></testsuites>