<?xml version="1.0" encoding="utf-8"?><testsuites name="pytest tests"><testsuite name="pytest" errors="0" failures="0" skipped="0" tests="13" time="304.078" timestamp="2026-03-24T13:22:10.958236+00:00" hostname="agent-env-b9a70e93-b3b9-4bd2-95d0-481291e58698"><testcase classname="backend.tests.test_tableau_ck_integration.TestAPIHealth" name="test_api_root" time="0.176" /><testcase classname="backend.tests.test_tableau_ck_integration.TestINFJProfile" name="test_infj_job_match_returns_correct_mbti" time="19.167" /><testcase classname="backend.tests.test_tableau_ck_integration.TestINFJProfile" name="test_infj_job_match_returns_humanite_vertu" time="28.835" /><testcase classname="backend.tests.test_tableau_ck_integration.TestINFJProfile" name="test_infj_psychologue_in_matches" time="28.926" /><testcase classname="backend.tests.test_tableau_ck_integration.TestINFJProfile" name="test_infj_access_code_generated" time="34.192" /><testcase classname="backend.tests.test_tableau_ck_integration.TestESTPProfile" name="test_estp_job_match_returns_correct_mbti" time="29.356" /><testcase classname="backend.tests.test_tableau_ck_integration.TestESTPProfile" name="test_estp_job_match_returns_courage_vertu" time="31.106" /><testcase classname="backend.tests.test_tableau_ck_integration.TestExploreEndpoint" name="test_explore_returns_exploration_paths" time="15.377" /><testcase classname="backend.tests.test_tableau_ck_integration.TestExploreEndpoint" name="test_explore_returns_correct_mbti" time="20.227" /><testcase classname="backend.tests.test_tableau_ck_integration.TestTableauCKIntegration" name="test_job_match_uses_tableau_ck_data" time="32.410" /><testcase classname="backend.tests.test_tableau_ck_integration.TestTableauCKIntegration" name="test_vertus_data_contains_ck_fields" time="32.692" /><testcase classname="backend.tests.test_tableau_ck_integration.TestQuestionsEndpoint" name="test_questionnaire_endpoint_returns_visual_questions" time="0.242" /><testcase classname="backend.tests.test_tableau_ck_integration.TestScoreBreakdown" name="test_score_breakdown_has_archeologie" time="31.320" /></testsuite></testsuites>